#
# There is insufficient memory for the Java Runtime Environment to continue.
# Native memory allocation (malloc) failed to allocate 1891216 bytes for Chunk::new
# Possible reasons:
#   The system is out of physical RAM or swap space
#   The process is running with CompressedOops enabled, and the Java Heap may be blocking the growth of the native heap
# Possible solutions:
#   Reduce memory load on the system
#   Increase physical memory or swap space
#   Check if swap backing store is full
#   Decrease Java heap size (-Xmx/-Xms)
#   Decrease number of Java threads
#   Decrease Java thread stack sizes (-Xss)
#   Set larger code cache with -XX:ReservedCodeCacheSize=
#   JVM is running with Zero Based Compressed Oops mode in which the Java heap is
#     placed in the first 32GB address space. The Java Heap base address is the
#     maximum limit for the native heap growth. Please use -XX:HeapBaseMinAddress
#     to set the Java Heap base and to place the Java Heap above 32GB virtual address.
# This output file may be truncated or incomplete.
#
#  Out of Memory Error (./open/src/hotspot/share/memory/arena.cpp:197), pid=18476, tid=27420
#
# JRE version: Java(TM) SE Runtime Environment 18.9 (11.0.29+8) (build 11.0.29+8-LTS-387)
# Java VM: Java HotSpot(TM) 64-Bit Server VM 18.9 (11.0.29+8-LTS-387, mixed mode, tiered, compressed oops, g1 gc, windows-amd64)
# No core dump will be written. Minidumps are not enabled by default on client versions of Windows
#

---------------  S U M M A R Y ------------

Command Line: -Dclassworlds.conf=D:\apache-maven-3.9.11\bin\m2.conf -Dmaven.home=D:\apache-maven-3.9.11 -Dlibrary.jansi.path=D:\apache-maven-3.9.11\lib\jansi-native -Dmaven.multiModuleProjectDirectory=D:\桌面\教室预约管理系统源码\源码\classroom-reservation-main org.codehaus.plexus.classworlds.launcher.Launcher spring-boot:run

Host: 13th Gen Intel(R) Core(TM) i5-13450HX, 16 cores, 15G,  Windows 11 , 64 bit Build 26100 (10.0.26100.7309)
Time: Thu Jan  1 18:58:49 2026  Windows 11 , 64 bit Build 26100 (10.0.26100.7309) elapsed time: 3.255593 seconds (0d 0h 0m 3s)

---------------  T H R E A D  ---------------

Current thread (0x00000276d702b000):  JavaThread "C2 CompilerThread3" daemon [_thread_in_native, id=27420, stack(0x00000099ef600000,0x00000099ef700000)]


Current CompileTask:
C2:   3255 5580   !   4       com.google.inject.spi.InjectionPoint::getInjectionPoints (489 bytes)

Stack: [0x00000099ef600000,0x00000099ef700000]
Native frames: (J=compiled Java code, j=interpreted, Vv=VM code, C=native code)
V  [jvm.dll+0x65897a]
V  [jvm.dll+0x79b90f]
V  [jvm.dll+0x79cfd9]
V  [jvm.dll+0x79d683]
V  [jvm.dll+0x255985]
V  [jvm.dll+0xb312c]
V  [jvm.dll+0xb373c]
V  [jvm.dll+0x35fd51]
V  [jvm.dll+0x1a1364]
V  [jvm.dll+0x20f48d]
V  [jvm.dll+0x20e30d]
V  [jvm.dll+0x18b5a1]
V  [jvm.dll+0x21e964]
V  [jvm.dll+0x21cc8c]
V  [jvm.dll+0x75f641]
V  [jvm.dll+0x757f64]
V  [jvm.dll+0x657825]
C  [ucrtbase.dll+0x37b0]
C  [KERNEL32.DLL+0x2e8d7]
C  [ntdll.dll+0x8c53c]


---------------  P R O C E S S  ---------------

Threads class SMR info:
_java_thread_list=0x00000276d8a18530, length=19, elements={
0x00000276b29e4800, 0x00000276d68b7000, 0x00000276d68b8000, 0x00000276d6929000,
0x00000276d692a000, 0x00000276d692b800, 0x00000276d692d800, 0x00000276d6932800,
0x00000276d6945800, 0x00000276d6a8e800, 0x00000276d6ae9800, 0x00000276d6f1e000,
0x00000276d73cb000, 0x00000276d7535800, 0x00000276d75b2800, 0x00000276d702b000,
0x00000276d7d97800, 0x00000276d75cf000, 0x00000276d7af4000
}

Java Threads: ( => current thread )
  0x00000276b29e4800 JavaThread "main" [_thread_in_native, id=27264, stack(0x00000099edb00000,0x00000099edc00000)]
  0x00000276d68b7000 JavaThread "Reference Handler" daemon [_thread_blocked, id=22008, stack(0x00000099ee200000,0x00000099ee300000)]
  0x00000276d68b8000 JavaThread "Finalizer" daemon [_thread_blocked, id=18120, stack(0x00000099ee300000,0x00000099ee400000)]
  0x00000276d6929000 JavaThread "Signal Dispatcher" daemon [_thread_blocked, id=3140, stack(0x00000099ee400000,0x00000099ee500000)]
  0x00000276d692a000 JavaThread "Attach Listener" daemon [_thread_blocked, id=19152, stack(0x00000099ee500000,0x00000099ee600000)]
  0x00000276d692b800 JavaThread "Service Thread" daemon [_thread_blocked, id=18648, stack(0x00000099ee600000,0x00000099ee700000)]
  0x00000276d692d800 JavaThread "C2 CompilerThread0" daemon [_thread_blocked, id=17260, stack(0x00000099ee700000,0x00000099ee800000)]
  0x00000276d6932800 JavaThread "C1 CompilerThread0" daemon [_thread_blocked, id=23424, stack(0x00000099ee800000,0x00000099ee900000)]
  0x00000276d6945800 JavaThread "Sweeper thread" daemon [_thread_blocked, id=17604, stack(0x00000099ee900000,0x00000099eea00000)]
  0x00000276d6a8e800 JavaThread "C1 CompilerThread1" daemon [_thread_blocked, id=17976, stack(0x00000099eea00000,0x00000099eeb00000)]
  0x00000276d6ae9800 JavaThread "Common-Cleaner" daemon [_thread_blocked, id=16444, stack(0x00000099eec00000,0x00000099eed00000)]
  0x00000276d6f1e000 JavaThread "C2 CompilerThread1" daemon [_thread_blocked, id=7472, stack(0x00000099eed00000,0x00000099eee00000)]
  0x00000276d73cb000 JavaThread "C1 CompilerThread2" daemon [_thread_blocked, id=18528, stack(0x00000099eee00000,0x00000099eef00000)]
  0x00000276d7535800 JavaThread "C1 CompilerThread3" daemon [_thread_blocked, id=16520, stack(0x00000099eef00000,0x00000099ef000000)]
  0x00000276d75b2800 JavaThread "C2 CompilerThread2" daemon [_thread_blocked, id=4040, stack(0x00000099ef000000,0x00000099ef100000)]
=>0x00000276d702b000 JavaThread "C2 CompilerThread3" daemon [_thread_in_native, id=27420, stack(0x00000099ef600000,0x00000099ef700000)]
  0x00000276d7d97800 JavaThread "C2 CompilerThread4" daemon [_thread_blocked, id=19380, stack(0x00000099ef700000,0x00000099ef800000)]
  0x00000276d75cf000 JavaThread "C2 CompilerThread5" daemon [_thread_blocked, id=8188, stack(0x00000099ef800000,0x00000099ef900000)]
  0x00000276d7af4000 JavaThread "Thread-1" daemon [_thread_blocked, id=14920, stack(0x00000099efb00000,0x00000099efc00000)]

Other Threads:
  0x00000276d68b5000 VMThread "VM Thread" [stack: 0x00000099ee100000,0x00000099ee200000] [id=2600]
  0x00000276d6ae8800 WatcherThread [stack: 0x00000099eeb00000,0x00000099eec00000] [id=8356]
  0x00000276b29f4800 GCTaskThread "GC Thread#0" [stack: 0x00000099edc00000,0x00000099edd00000] [id=20176]
  0x00000276d8648000 GCTaskThread "GC Thread#1" [stack: 0x00000099ef100000,0x00000099ef200000] [id=4252]
  0x00000276d75d0000 GCTaskThread "GC Thread#2" [stack: 0x00000099ef200000,0x00000099ef300000] [id=14748]
  0x00000276d75af000 GCTaskThread "GC Thread#3" [stack: 0x00000099ef300000,0x00000099ef400000] [id=17396]
  0x00000276d7717800 GCTaskThread "GC Thread#4" [stack: 0x00000099ef400000,0x00000099ef500000] [id=21180]
  0x00000276d7d62000 GCTaskThread "GC Thread#5" [stack: 0x00000099ef500000,0x00000099ef600000] [id=27240]
  0x00000276b2a54000 ConcurrentGCThread "G1 Main Marker" [stack: 0x00000099edd00000,0x00000099ede00000] [id=18744]
  0x00000276b2a5d000 ConcurrentGCThread "G1 Conc#0" [stack: 0x00000099ede00000,0x00000099edf00000] [id=18392]
  0x00000276d7d8e800 ConcurrentGCThread "G1 Conc#1" [stack: 0x00000099ef900000,0x00000099efa00000] [id=1436]
  0x00000276d7fcc800 ConcurrentGCThread "G1 Conc#2" [stack: 0x00000099efa00000,0x00000099efb00000] [id=25260]
  0x00000276d5efc800 ConcurrentGCThread "G1 Refine#0" [stack: 0x00000099edf00000,0x00000099ee000000] [id=4952]
  0x00000276d5eff800 ConcurrentGCThread "G1 Young RemSet Sampling" [stack: 0x00000099ee000000,0x00000099ee100000] [id=14256]

Threads with active compile tasks:
C2 CompilerThread3     3273 5580   !   4       com.google.inject.spi.InjectionPoint::getInjectionPoints (489 bytes)

VM state:not at safepoint (normal execution)

VM Mutex/Monitor currently owned by a thread: None

Heap address: 0x0000000704e00000, size: 4018 MB, Compressed Oops mode: Zero based, Oop shift amount: 3
Narrow klass base: 0x0000000800000000, Narrow klass shift: 0
Compressed class space size: 1073741824 Address: 0x0000000800000000

Heap:
 garbage-first heap   total 258048K, used 124054K [0x0000000704e00000, 0x0000000800000000)
  region size 1024K, 119 young (121856K), 10 survivors (10240K)
 Metaspace       used 28799K, capacity 29526K, committed 29696K, reserved 1075200K
  class space    used 3070K, capacity 3326K, committed 3328K, reserved 1048576K
Heap Regions: E=young(eden), S=young(survivor), O=old, HS=humongous(starts), HC=humongous(continues), CS=collection set, F=free, A=archive, TAMS=top-at-mark-start (previous, next)
|   0|0x0000000704e00000, 0x0000000704f00000, 0x0000000704f00000|100%| O|  |TAMS 0x0000000704e73400, 0x0000000704e00000| Untracked 
|   1|0x0000000704f00000, 0x0000000705000000, 0x0000000705000000|100%| O|  |TAMS 0x0000000704f00000, 0x0000000704f00000| Untracked 
|   2|0x0000000705000000, 0x0000000705100000, 0x0000000705100000|100%| O|  |TAMS 0x0000000705000000, 0x0000000705000000| Untracked 
|   3|0x0000000705100000, 0x0000000705160c00, 0x0000000705200000| 37%| O|  |TAMS 0x0000000705100000, 0x0000000705100000| Untracked 
|   4|0x0000000705200000, 0x0000000705200000, 0x0000000705300000|  0%| F|  |TAMS 0x0000000705200000, 0x0000000705200000| Untracked 
|   5|0x0000000705300000, 0x0000000705300000, 0x0000000705400000|  0%| F|  |TAMS 0x0000000705300000, 0x0000000705300000| Untracked 
|   6|0x0000000705400000, 0x0000000705400000, 0x0000000705500000|  0%| F|  |TAMS 0x0000000705400000, 0x0000000705400000| Untracked 
|   7|0x0000000705500000, 0x0000000705500000, 0x0000000705600000|  0%| F|  |TAMS 0x0000000705500000, 0x0000000705500000| Untracked 
|   8|0x0000000705600000, 0x0000000705600000, 0x0000000705700000|  0%| F|  |TAMS 0x0000000705600000, 0x0000000705600000| Untracked 
|   9|0x0000000705700000, 0x0000000705700000, 0x0000000705800000|  0%| F|  |TAMS 0x0000000705700000, 0x0000000705700000| Untracked 
|  10|0x0000000705800000, 0x0000000705800000, 0x0000000705900000|  0%| F|  |TAMS 0x0000000705800000, 0x0000000705800000| Untracked 
|  11|0x0000000705900000, 0x0000000705900000, 0x0000000705a00000|  0%| F|  |TAMS 0x0000000705900000, 0x0000000705900000| Untracked 
|  12|0x0000000705a00000, 0x0000000705a00000, 0x0000000705b00000|  0%| F|  |TAMS 0x0000000705a00000, 0x0000000705a00000| Untracked 
|  13|0x0000000705b00000, 0x0000000705b00000, 0x0000000705c00000|  0%| F|  |TAMS 0x0000000705b00000, 0x0000000705b00000| Untracked 
|  14|0x0000000705c00000, 0x0000000705c00000, 0x0000000705d00000|  0%| F|  |TAMS 0x0000000705c00000, 0x0000000705c00000| Untracked 
|  15|0x0000000705d00000, 0x0000000705d00000, 0x0000000705e00000|  0%| F|  |TAMS 0x0000000705d00000, 0x0000000705d00000| Untracked 
|  16|0x0000000705e00000, 0x0000000705e00000, 0x0000000705f00000|  0%| F|  |TAMS 0x0000000705e00000, 0x0000000705e00000| Untracked 
|  17|0x0000000705f00000, 0x0000000705f00000, 0x0000000706000000|  0%| F|  |TAMS 0x0000000705f00000, 0x0000000705f00000| Untracked 
|  18|0x0000000706000000, 0x0000000706000000, 0x0000000706100000|  0%| F|  |TAMS 0x0000000706000000, 0x0000000706000000| Untracked 
|  19|0x0000000706100000, 0x0000000706100000, 0x0000000706200000|  0%| F|  |TAMS 0x0000000706100000, 0x0000000706100000| Untracked 
|  20|0x0000000706200000, 0x0000000706200000, 0x0000000706300000|  0%| F|  |TAMS 0x0000000706200000, 0x0000000706200000| Untracked 
|  21|0x0000000706300000, 0x0000000706300000, 0x0000000706400000|  0%| F|  |TAMS 0x0000000706300000, 0x0000000706300000| Untracked 
|  22|0x0000000706400000, 0x0000000706400000, 0x0000000706500000|  0%| F|  |TAMS 0x0000000706400000, 0x0000000706400000| Untracked 
|  23|0x0000000706500000, 0x0000000706500000, 0x0000000706600000|  0%| F|  |TAMS 0x0000000706500000, 0x0000000706500000| Untracked 
|  24|0x0000000706600000, 0x0000000706600000, 0x0000000706700000|  0%| F|  |TAMS 0x0000000706600000, 0x0000000706600000| Untracked 
|  25|0x0000000706700000, 0x0000000706700000, 0x0000000706800000|  0%| F|  |TAMS 0x0000000706700000, 0x0000000706700000| Untracked 
|  26|0x0000000706800000, 0x0000000706800000, 0x0000000706900000|  0%| F|  |TAMS 0x0000000706800000, 0x0000000706800000| Untracked 
|  27|0x0000000706900000, 0x0000000706900000, 0x0000000706a00000|  0%| F|  |TAMS 0x0000000706900000, 0x0000000706900000| Untracked 
|  28|0x0000000706a00000, 0x0000000706a00000, 0x0000000706b00000|  0%| F|  |TAMS 0x0000000706a00000, 0x0000000706a00000| Untracked 
|  29|0x0000000706b00000, 0x0000000706b00000, 0x0000000706c00000|  0%| F|  |TAMS 0x0000000706b00000, 0x0000000706b00000| Untracked 
|  30|0x0000000706c00000, 0x0000000706c00000, 0x0000000706d00000|  0%| F|  |TAMS 0x0000000706c00000, 0x0000000706c00000| Untracked 
|  31|0x0000000706d00000, 0x0000000706d00000, 0x0000000706e00000|  0%| F|  |TAMS 0x0000000706d00000, 0x0000000706d00000| Untracked 
|  32|0x0000000706e00000, 0x0000000706e00000, 0x0000000706f00000|  0%| F|  |TAMS 0x0000000706e00000, 0x0000000706e00000| Untracked 
|  33|0x0000000706f00000, 0x0000000706f00000, 0x0000000707000000|  0%| F|  |TAMS 0x0000000706f00000, 0x0000000706f00000| Untracked 
|  34|0x0000000707000000, 0x0000000707000000, 0x0000000707100000|  0%| F|  |TAMS 0x0000000707000000, 0x0000000707000000| Untracked 
|  35|0x0000000707100000, 0x0000000707100000, 0x0000000707200000|  0%| F|  |TAMS 0x0000000707100000, 0x0000000707100000| Untracked 
|  36|0x0000000707200000, 0x0000000707200000, 0x0000000707300000|  0%| F|  |TAMS 0x0000000707200000, 0x0000000707200000| Untracked 
|  37|0x0000000707300000, 0x0000000707300000, 0x0000000707400000|  0%| F|  |TAMS 0x0000000707300000, 0x0000000707300000| Untracked 
|  38|0x0000000707400000, 0x0000000707400000, 0x0000000707500000|  0%| F|  |TAMS 0x0000000707400000, 0x0000000707400000| Untracked 
|  39|0x0000000707500000, 0x0000000707500000, 0x0000000707600000|  0%| F|  |TAMS 0x0000000707500000, 0x0000000707500000| Untracked 
|  40|0x0000000707600000, 0x0000000707600000, 0x0000000707700000|  0%| F|  |TAMS 0x0000000707600000, 0x0000000707600000| Untracked 
|  41|0x0000000707700000, 0x0000000707700000, 0x0000000707800000|  0%| F|  |TAMS 0x0000000707700000, 0x0000000707700000| Untracked 
|  42|0x0000000707800000, 0x0000000707800000, 0x0000000707900000|  0%| F|  |TAMS 0x0000000707800000, 0x0000000707800000| Untracked 
|  43|0x0000000707900000, 0x0000000707900000, 0x0000000707a00000|  0%| F|  |TAMS 0x0000000707900000, 0x0000000707900000| Untracked 
|  44|0x0000000707a00000, 0x0000000707a00000, 0x0000000707b00000|  0%| F|  |TAMS 0x0000000707a00000, 0x0000000707a00000| Untracked 
|  45|0x0000000707b00000, 0x0000000707b00000, 0x0000000707c00000|  0%| F|  |TAMS 0x0000000707b00000, 0x0000000707b00000| Untracked 
|  46|0x0000000707c00000, 0x0000000707c00000, 0x0000000707d00000|  0%| F|  |TAMS 0x0000000707c00000, 0x0000000707c00000| Untracked 
|  47|0x0000000707d00000, 0x0000000707d00000, 0x0000000707e00000|  0%| F|  |TAMS 0x0000000707d00000, 0x0000000707d00000| Untracked 
|  48|0x0000000707e00000, 0x0000000707e00000, 0x0000000707f00000|  0%| F|  |TAMS 0x0000000707e00000, 0x0000000707e00000| Untracked 
|  49|0x0000000707f00000, 0x0000000707f00000, 0x0000000708000000|  0%| F|  |TAMS 0x0000000707f00000, 0x0000000707f00000| Untracked 
|  50|0x0000000708000000, 0x0000000708000000, 0x0000000708100000|  0%| F|  |TAMS 0x0000000708000000, 0x0000000708000000| Untracked 
|  51|0x0000000708100000, 0x0000000708100000, 0x0000000708200000|  0%| F|  |TAMS 0x0000000708100000, 0x0000000708100000| Untracked 
|  52|0x0000000708200000, 0x0000000708200000, 0x0000000708300000|  0%| F|  |TAMS 0x0000000708200000, 0x0000000708200000| Untracked 
|  53|0x0000000708300000, 0x0000000708300000, 0x0000000708400000|  0%| F|  |TAMS 0x0000000708300000, 0x0000000708300000| Untracked 
|  54|0x0000000708400000, 0x0000000708400000, 0x0000000708500000|  0%| F|  |TAMS 0x0000000708400000, 0x0000000708400000| Untracked 
|  55|0x0000000708500000, 0x0000000708500000, 0x0000000708600000|  0%| F|  |TAMS 0x0000000708500000, 0x0000000708500000| Untracked 
|  56|0x0000000708600000, 0x0000000708600000, 0x0000000708700000|  0%| F|  |TAMS 0x0000000708600000, 0x0000000708600000| Untracked 
|  57|0x0000000708700000, 0x0000000708700000, 0x0000000708800000|  0%| F|  |TAMS 0x0000000708700000, 0x0000000708700000| Untracked 
|  58|0x0000000708800000, 0x0000000708800000, 0x0000000708900000|  0%| F|  |TAMS 0x0000000708800000, 0x0000000708800000| Untracked 
|  59|0x0000000708900000, 0x0000000708900000, 0x0000000708a00000|  0%| F|  |TAMS 0x0000000708900000, 0x0000000708900000| Untracked 
|  60|0x0000000708a00000, 0x0000000708a00000, 0x0000000708b00000|  0%| F|  |TAMS 0x0000000708a00000, 0x0000000708a00000| Untracked 
|  61|0x0000000708b00000, 0x0000000708b00000, 0x0000000708c00000|  0%| F|  |TAMS 0x0000000708b00000, 0x0000000708b00000| Untracked 
|  62|0x0000000708c00000, 0x0000000708c00000, 0x0000000708d00000|  0%| F|  |TAMS 0x0000000708c00000, 0x0000000708c00000| Untracked 
|  63|0x0000000708d00000, 0x0000000708d00000, 0x0000000708e00000|  0%| F|  |TAMS 0x0000000708d00000, 0x0000000708d00000| Untracked 
|  64|0x0000000708e00000, 0x0000000708e00000, 0x0000000708f00000|  0%| F|  |TAMS 0x0000000708e00000, 0x0000000708e00000| Untracked 
|  65|0x0000000708f00000, 0x0000000708f00000, 0x0000000709000000|  0%| F|  |TAMS 0x0000000708f00000, 0x0000000708f00000| Untracked 
|  66|0x0000000709000000, 0x0000000709000000, 0x0000000709100000|  0%| F|  |TAMS 0x0000000709000000, 0x0000000709000000| Untracked 
|  67|0x0000000709100000, 0x0000000709100000, 0x0000000709200000|  0%| F|  |TAMS 0x0000000709100000, 0x0000000709100000| Untracked 
|  68|0x0000000709200000, 0x0000000709200000, 0x0000000709300000|  0%| F|  |TAMS 0x0000000709200000, 0x0000000709200000| Untracked 
|  69|0x0000000709300000, 0x0000000709300000, 0x0000000709400000|  0%| F|  |TAMS 0x0000000709300000, 0x0000000709300000| Untracked 
|  70|0x0000000709400000, 0x0000000709400000, 0x0000000709500000|  0%| F|  |TAMS 0x0000000709400000, 0x0000000709400000| Untracked 
|  71|0x0000000709500000, 0x0000000709500000, 0x0000000709600000|  0%| F|  |TAMS 0x0000000709500000, 0x0000000709500000| Untracked 
|  72|0x0000000709600000, 0x0000000709600000, 0x0000000709700000|  0%| F|  |TAMS 0x0000000709600000, 0x0000000709600000| Untracked 
|  73|0x0000000709700000, 0x0000000709700000, 0x0000000709800000|  0%| F|  |TAMS 0x0000000709700000, 0x0000000709700000| Untracked 
|  74|0x0000000709800000, 0x0000000709800000, 0x0000000709900000|  0%| F|  |TAMS 0x0000000709800000, 0x0000000709800000| Untracked 
|  75|0x0000000709900000, 0x0000000709900000, 0x0000000709a00000|  0%| F|  |TAMS 0x0000000709900000, 0x0000000709900000| Untracked 
|  76|0x0000000709a00000, 0x0000000709a00000, 0x0000000709b00000|  0%| F|  |TAMS 0x0000000709a00000, 0x0000000709a00000| Untracked 
|  77|0x0000000709b00000, 0x0000000709b00000, 0x0000000709c00000|  0%| F|  |TAMS 0x0000000709b00000, 0x0000000709b00000| Untracked 
|  78|0x0000000709c00000, 0x0000000709c00000, 0x0000000709d00000|  0%| F|  |TAMS 0x0000000709c00000, 0x0000000709c00000| Untracked 
|  79|0x0000000709d00000, 0x0000000709d00000, 0x0000000709e00000|  0%| F|  |TAMS 0x0000000709d00000, 0x0000000709d00000| Untracked 
|  80|0x0000000709e00000, 0x0000000709e00000, 0x0000000709f00000|  0%| F|  |TAMS 0x0000000709e00000, 0x0000000709e00000| Untracked 
|  81|0x0000000709f00000, 0x0000000709f00000, 0x000000070a000000|  0%| F|  |TAMS 0x0000000709f00000, 0x0000000709f00000| Untracked 
|  82|0x000000070a000000, 0x000000070a000000, 0x000000070a100000|  0%| F|  |TAMS 0x000000070a000000, 0x000000070a000000| Untracked 
|  83|0x000000070a100000, 0x000000070a100000, 0x000000070a200000|  0%| F|  |TAMS 0x000000070a100000, 0x000000070a100000| Untracked 
|  84|0x000000070a200000, 0x000000070a200000, 0x000000070a300000|  0%| F|  |TAMS 0x000000070a200000, 0x000000070a200000| Untracked 
|  85|0x000000070a300000, 0x000000070a300000, 0x000000070a400000|  0%| F|  |TAMS 0x000000070a300000, 0x000000070a300000| Untracked 
|  86|0x000000070a400000, 0x000000070a400000, 0x000000070a500000|  0%| F|  |TAMS 0x000000070a400000, 0x000000070a400000| Untracked 
|  87|0x000000070a500000, 0x000000070a500000, 0x000000070a600000|  0%| F|  |TAMS 0x000000070a500000, 0x000000070a500000| Untracked 
|  88|0x000000070a600000, 0x000000070a600000, 0x000000070a700000|  0%| F|  |TAMS 0x000000070a600000, 0x000000070a600000| Untracked 
|  89|0x000000070a700000, 0x000000070a700000, 0x000000070a800000|  0%| F|  |TAMS 0x000000070a700000, 0x000000070a700000| Untracked 
|  90|0x000000070a800000, 0x000000070a800000, 0x000000070a900000|  0%| F|  |TAMS 0x000000070a800000, 0x000000070a800000| Untracked 
|  91|0x000000070a900000, 0x000000070a900000, 0x000000070aa00000|  0%| F|  |TAMS 0x000000070a900000, 0x000000070a900000| Untracked 
|  92|0x000000070aa00000, 0x000000070aa00000, 0x000000070ab00000|  0%| F|  |TAMS 0x000000070aa00000, 0x000000070aa00000| Untracked 
|  93|0x000000070ab00000, 0x000000070ab00000, 0x000000070ac00000|  0%| F|  |TAMS 0x000000070ab00000, 0x000000070ab00000| Untracked 
|  94|0x000000070ac00000, 0x000000070ac00000, 0x000000070ad00000|  0%| F|  |TAMS 0x000000070ac00000, 0x000000070ac00000| Untracked 
|  95|0x000000070ad00000, 0x000000070ad00000, 0x000000070ae00000|  0%| F|  |TAMS 0x000000070ad00000, 0x000000070ad00000| Untracked 
|  96|0x000000070ae00000, 0x000000070ae00000, 0x000000070af00000|  0%| F|  |TAMS 0x000000070ae00000, 0x000000070ae00000| Untracked 
|  97|0x000000070af00000, 0x000000070af00000, 0x000000070b000000|  0%| F|  |TAMS 0x000000070af00000, 0x000000070af00000| Untracked 
|  98|0x000000070b000000, 0x000000070b000000, 0x000000070b100000|  0%| F|  |TAMS 0x000000070b000000, 0x000000070b000000| Untracked 
|  99|0x000000070b100000, 0x000000070b100000, 0x000000070b200000|  0%| F|  |TAMS 0x000000070b100000, 0x000000070b100000| Untracked 
| 100|0x000000070b200000, 0x000000070b200000, 0x000000070b300000|  0%| F|  |TAMS 0x000000070b200000, 0x000000070b200000| Untracked 
| 101|0x000000070b300000, 0x000000070b300000, 0x000000070b400000|  0%| F|  |TAMS 0x000000070b300000, 0x000000070b300000| Untracked 
| 102|0x000000070b400000, 0x000000070b400000, 0x000000070b500000|  0%| F|  |TAMS 0x000000070b400000, 0x000000070b400000| Untracked 
| 103|0x000000070b500000, 0x000000070b500000, 0x000000070b600000|  0%| F|  |TAMS 0x000000070b500000, 0x000000070b500000| Untracked 
| 104|0x000000070b600000, 0x000000070b600000, 0x000000070b700000|  0%| F|  |TAMS 0x000000070b600000, 0x000000070b600000| Untracked 
| 105|0x000000070b700000, 0x000000070b700000, 0x000000070b800000|  0%| F|  |TAMS 0x000000070b700000, 0x000000070b700000| Untracked 
| 106|0x000000070b800000, 0x000000070b800000, 0x000000070b900000|  0%| F|  |TAMS 0x000000070b800000, 0x000000070b800000| Untracked 
| 107|0x000000070b900000, 0x000000070b900000, 0x000000070ba00000|  0%| F|  |TAMS 0x000000070b900000, 0x000000070b900000| Untracked 
| 108|0x000000070ba00000, 0x000000070ba00000, 0x000000070bb00000|  0%| F|  |TAMS 0x000000070ba00000, 0x000000070ba00000| Untracked 
| 109|0x000000070bb00000, 0x000000070bb00000, 0x000000070bc00000|  0%| F|  |TAMS 0x000000070bb00000, 0x000000070bb00000| Untracked 
| 110|0x000000070bc00000, 0x000000070bc00000, 0x000000070bd00000|  0%| F|  |TAMS 0x000000070bc00000, 0x000000070bc00000| Untracked 
| 111|0x000000070bd00000, 0x000000070bd00000, 0x000000070be00000|  0%| F|  |TAMS 0x000000070bd00000, 0x000000070bd00000| Untracked 
| 112|0x000000070be00000, 0x000000070be00000, 0x000000070bf00000|  0%| F|  |TAMS 0x000000070be00000, 0x000000070be00000| Untracked 
| 113|0x000000070bf00000, 0x000000070bf00000, 0x000000070c000000|  0%| F|  |TAMS 0x000000070bf00000, 0x000000070bf00000| Untracked 
| 114|0x000000070c000000, 0x000000070c000000, 0x000000070c100000|  0%| F|  |TAMS 0x000000070c000000, 0x000000070c000000| Untracked 
| 115|0x000000070c100000, 0x000000070c100000, 0x000000070c200000|  0%| F|  |TAMS 0x000000070c100000, 0x000000070c100000| Untracked 
| 116|0x000000070c200000, 0x000000070c200000, 0x000000070c300000|  0%| F|  |TAMS 0x000000070c200000, 0x000000070c200000| Untracked 
| 117|0x000000070c300000, 0x000000070c300000, 0x000000070c400000|  0%| F|  |TAMS 0x000000070c300000, 0x000000070c300000| Untracked 
| 118|0x000000070c400000, 0x000000070c400000, 0x000000070c500000|  0%| F|  |TAMS 0x000000070c400000, 0x000000070c400000| Untracked 
| 119|0x000000070c500000, 0x000000070c500000, 0x000000070c600000|  0%| F|  |TAMS 0x000000070c500000, 0x000000070c500000| Untracked 
| 120|0x000000070c600000, 0x000000070c600000, 0x000000070c700000|  0%| F|  |TAMS 0x000000070c600000, 0x000000070c600000| Untracked 
| 121|0x000000070c700000, 0x000000070c700000, 0x000000070c800000|  0%| F|  |TAMS 0x000000070c700000, 0x000000070c700000| Untracked 
| 122|0x000000070c800000, 0x000000070c800000, 0x000000070c900000|  0%| F|  |TAMS 0x000000070c800000, 0x000000070c800000| Untracked 
| 123|0x000000070c900000, 0x000000070c900000, 0x000000070ca00000|  0%| F|  |TAMS 0x000000070c900000, 0x000000070c900000| Untracked 
| 124|0x000000070ca00000, 0x000000070ca00000, 0x000000070cb00000|  0%| F|  |TAMS 0x000000070ca00000, 0x000000070ca00000| Untracked 
| 125|0x000000070cb00000, 0x000000070cb00000, 0x000000070cc00000|  0%| F|  |TAMS 0x000000070cb00000, 0x000000070cb00000| Untracked 
| 126|0x000000070cc00000, 0x000000070cc00000, 0x000000070cd00000|  0%| F|  |TAMS 0x000000070cc00000, 0x000000070cc00000| Untracked 
| 127|0x000000070cd00000, 0x000000070cd00000, 0x000000070ce00000|  0%| F|  |TAMS 0x000000070cd00000, 0x000000070cd00000| Untracked 
| 128|0x000000070ce00000, 0x000000070ce00000, 0x000000070cf00000|  0%| F|  |TAMS 0x000000070ce00000, 0x000000070ce00000| Untracked 
| 129|0x000000070cf00000, 0x000000070cf00000, 0x000000070d000000|  0%| F|  |TAMS 0x000000070cf00000, 0x000000070cf00000| Untracked 
| 130|0x000000070d000000, 0x000000070d000000, 0x000000070d100000|  0%| F|  |TAMS 0x000000070d000000, 0x000000070d000000| Untracked 
| 131|0x000000070d100000, 0x000000070d100000, 0x000000070d200000|  0%| F|  |TAMS 0x000000070d100000, 0x000000070d100000| Untracked 
| 132|0x000000070d200000, 0x000000070d200000, 0x000000070d300000|  0%| F|  |TAMS 0x000000070d200000, 0x000000070d200000| Untracked 
| 133|0x000000070d300000, 0x000000070d400000, 0x000000070d400000|100%| E|  |TAMS 0x000000070d300000, 0x000000070d300000| Complete 
| 134|0x000000070d400000, 0x000000070d500000, 0x000000070d500000|100%| E|CS|TAMS 0x000000070d400000, 0x000000070d400000| Complete 
| 135|0x000000070d500000, 0x000000070d600000, 0x000000070d600000|100%| E|CS|TAMS 0x000000070d500000, 0x000000070d500000| Complete 
| 136|0x000000070d600000, 0x000000070d700000, 0x000000070d700000|100%| E|CS|TAMS 0x000000070d600000, 0x000000070d600000| Complete 
| 137|0x000000070d700000, 0x000000070d800000, 0x000000070d800000|100%| E|CS|TAMS 0x000000070d700000, 0x000000070d700000| Complete 
| 138|0x000000070d800000, 0x000000070d900000, 0x000000070d900000|100%| E|CS|TAMS 0x000000070d800000, 0x000000070d800000| Complete 
| 139|0x000000070d900000, 0x000000070da00000, 0x000000070da00000|100%| E|CS|TAMS 0x000000070d900000, 0x000000070d900000| Complete 
| 140|0x000000070da00000, 0x000000070db00000, 0x000000070db00000|100%| E|CS|TAMS 0x000000070da00000, 0x000000070da00000| Complete 
| 141|0x000000070db00000, 0x000000070dc00000, 0x000000070dc00000|100%| E|CS|TAMS 0x000000070db00000, 0x000000070db00000| Complete 
| 142|0x000000070dc00000, 0x000000070dd00000, 0x000000070dd00000|100%| E|CS|TAMS 0x000000070dc00000, 0x000000070dc00000| Complete 
| 143|0x000000070dd00000, 0x000000070de00000, 0x000000070de00000|100%| E|CS|TAMS 0x000000070dd00000, 0x000000070dd00000| Complete 
| 144|0x000000070de00000, 0x000000070df00000, 0x000000070df00000|100%| E|CS|TAMS 0x000000070de00000, 0x000000070de00000| Complete 
| 145|0x000000070df00000, 0x000000070e000000, 0x000000070e000000|100%| E|CS|TAMS 0x000000070df00000, 0x000000070df00000| Complete 
| 146|0x000000070e000000, 0x000000070e100000, 0x000000070e100000|100%| E|CS|TAMS 0x000000070e000000, 0x000000070e000000| Complete 
| 147|0x000000070e100000, 0x000000070e200000, 0x000000070e200000|100%| E|CS|TAMS 0x000000070e100000, 0x000000070e100000| Complete 
| 148|0x000000070e200000, 0x000000070e300000, 0x000000070e300000|100%| E|CS|TAMS 0x000000070e200000, 0x000000070e200000| Complete 
| 149|0x000000070e300000, 0x000000070e400000, 0x000000070e400000|100%| E|CS|TAMS 0x000000070e300000, 0x000000070e300000| Complete 
| 150|0x000000070e400000, 0x000000070e500000, 0x000000070e500000|100%| E|CS|TAMS 0x000000070e400000, 0x000000070e400000| Complete 
| 151|0x000000070e500000, 0x000000070e600000, 0x000000070e600000|100%| E|CS|TAMS 0x000000070e500000, 0x000000070e500000| Complete 
| 152|0x000000070e600000, 0x000000070e700000, 0x000000070e700000|100%| E|CS|TAMS 0x000000070e600000, 0x000000070e600000| Complete 
| 153|0x000000070e700000, 0x000000070e800000, 0x000000070e800000|100%| E|CS|TAMS 0x000000070e700000, 0x000000070e700000| Complete 
| 154|0x000000070e800000, 0x000000070e900000, 0x000000070e900000|100%| E|CS|TAMS 0x000000070e800000, 0x000000070e800000| Complete 
| 155|0x000000070e900000, 0x000000070e9c4cc0, 0x000000070ea00000| 76%| S|CS|TAMS 0x000000070e900000, 0x000000070e900000| Complete 
| 156|0x000000070ea00000, 0x000000070eb00000, 0x000000070eb00000|100%| S|CS|TAMS 0x000000070ea00000, 0x000000070ea00000| Complete 
| 157|0x000000070eb00000, 0x000000070ec00000, 0x000000070ec00000|100%| S|CS|TAMS 0x000000070eb00000, 0x000000070eb00000| Complete 
| 158|0x000000070ec00000, 0x000000070ed00000, 0x000000070ed00000|100%| S|CS|TAMS 0x000000070ec00000, 0x000000070ec00000| Complete 
| 159|0x000000070ed00000, 0x000000070ee00000, 0x000000070ee00000|100%| S|CS|TAMS 0x000000070ed00000, 0x000000070ed00000| Complete 
| 160|0x000000070ee00000, 0x000000070ef00000, 0x000000070ef00000|100%| S|CS|TAMS 0x000000070ee00000, 0x000000070ee00000| Complete 
| 161|0x000000070ef00000, 0x000000070f000000, 0x000000070f000000|100%| S|CS|TAMS 0x000000070ef00000, 0x000000070ef00000| Complete 
| 162|0x000000070f000000, 0x000000070f100000, 0x000000070f100000|100%| S|CS|TAMS 0x000000070f000000, 0x000000070f000000| Complete 
| 163|0x000000070f100000, 0x000000070f200000, 0x000000070f200000|100%| S|CS|TAMS 0x000000070f100000, 0x000000070f100000| Complete 
| 164|0x000000070f200000, 0x000000070f300000, 0x000000070f300000|100%| S|CS|TAMS 0x000000070f200000, 0x000000070f200000| Complete 
| 165|0x000000070f300000, 0x000000070f400000, 0x000000070f400000|100%| E|CS|TAMS 0x000000070f300000, 0x000000070f300000| Complete 
| 166|0x000000070f400000, 0x000000070f500000, 0x000000070f500000|100%| E|CS|TAMS 0x000000070f400000, 0x000000070f400000| Complete 
| 167|0x000000070f500000, 0x000000070f600000, 0x000000070f600000|100%| E|CS|TAMS 0x000000070f500000, 0x000000070f500000| Complete 
| 168|0x000000070f600000, 0x000000070f700000, 0x000000070f700000|100%| E|CS|TAMS 0x000000070f600000, 0x000000070f600000| Complete 
| 169|0x000000070f700000, 0x000000070f800000, 0x000000070f800000|100%| E|CS|TAMS 0x000000070f700000, 0x000000070f700000| Complete 
| 170|0x000000070f800000, 0x000000070f900000, 0x000000070f900000|100%| E|CS|TAMS 0x000000070f800000, 0x000000070f800000| Complete 
| 171|0x000000070f900000, 0x000000070fa00000, 0x000000070fa00000|100%| E|CS|TAMS 0x000000070f900000, 0x000000070f900000| Complete 
| 172|0x000000070fa00000, 0x000000070fb00000, 0x000000070fb00000|100%| E|CS|TAMS 0x000000070fa00000, 0x000000070fa00000| Complete 
| 173|0x000000070fb00000, 0x000000070fc00000, 0x000000070fc00000|100%| E|CS|TAMS 0x000000070fb00000, 0x000000070fb00000| Complete 
| 174|0x000000070fc00000, 0x000000070fd00000, 0x000000070fd00000|100%| E|CS|TAMS 0x000000070fc00000, 0x000000070fc00000| Complete 
| 175|0x000000070fd00000, 0x000000070fe00000, 0x000000070fe00000|100%| E|CS|TAMS 0x000000070fd00000, 0x000000070fd00000| Complete 
| 176|0x000000070fe00000, 0x000000070ff00000, 0x000000070ff00000|100%| E|CS|TAMS 0x000000070fe00000, 0x000000070fe00000| Complete 
| 177|0x000000070ff00000, 0x0000000710000000, 0x0000000710000000|100%| E|CS|TAMS 0x000000070ff00000, 0x000000070ff00000| Complete 
| 178|0x0000000710000000, 0x0000000710100000, 0x0000000710100000|100%| E|CS|TAMS 0x0000000710000000, 0x0000000710000000| Complete 
| 179|0x0000000710100000, 0x0000000710200000, 0x0000000710200000|100%| E|CS|TAMS 0x0000000710100000, 0x0000000710100000| Complete 
| 180|0x0000000710200000, 0x0000000710300000, 0x0000000710300000|100%| E|CS|TAMS 0x0000000710200000, 0x0000000710200000| Complete 
| 181|0x0000000710300000, 0x0000000710400000, 0x0000000710400000|100%| E|CS|TAMS 0x0000000710300000, 0x0000000710300000| Complete 
| 182|0x0000000710400000, 0x0000000710500000, 0x0000000710500000|100%| E|CS|TAMS 0x0000000710400000, 0x0000000710400000| Complete 
| 183|0x0000000710500000, 0x0000000710600000, 0x0000000710600000|100%| E|CS|TAMS 0x0000000710500000, 0x0000000710500000| Complete 
| 184|0x0000000710600000, 0x0000000710700000, 0x0000000710700000|100%| E|CS|TAMS 0x0000000710600000, 0x0000000710600000| Complete 
| 185|0x0000000710700000, 0x0000000710800000, 0x0000000710800000|100%| E|CS|TAMS 0x0000000710700000, 0x0000000710700000| Complete 
| 186|0x0000000710800000, 0x0000000710900000, 0x0000000710900000|100%| E|CS|TAMS 0x0000000710800000, 0x0000000710800000| Complete 
| 187|0x0000000710900000, 0x0000000710a00000, 0x0000000710a00000|100%| E|CS|TAMS 0x0000000710900000, 0x0000000710900000| Complete 
| 188|0x0000000710a00000, 0x0000000710b00000, 0x0000000710b00000|100%| E|CS|TAMS 0x0000000710a00000, 0x0000000710a00000| Complete 
| 189|0x0000000710b00000, 0x0000000710c00000, 0x0000000710c00000|100%| E|CS|TAMS 0x0000000710b00000, 0x0000000710b00000| Complete 
| 190|0x0000000710c00000, 0x0000000710d00000, 0x0000000710d00000|100%| E|CS|TAMS 0x0000000710c00000, 0x0000000710c00000| Complete 
| 191|0x0000000710d00000, 0x0000000710e00000, 0x0000000710e00000|100%| E|CS|TAMS 0x0000000710d00000, 0x0000000710d00000| Complete 
| 192|0x0000000710e00000, 0x0000000710f00000, 0x0000000710f00000|100%| E|CS|TAMS 0x0000000710e00000, 0x0000000710e00000| Complete 
| 193|0x0000000710f00000, 0x0000000711000000, 0x0000000711000000|100%| E|CS|TAMS 0x0000000710f00000, 0x0000000710f00000| Complete 
| 194|0x0000000711000000, 0x0000000711100000, 0x0000000711100000|100%| E|CS|TAMS 0x0000000711000000, 0x0000000711000000| Complete 
| 195|0x0000000711100000, 0x0000000711200000, 0x0000000711200000|100%| E|CS|TAMS 0x0000000711100000, 0x0000000711100000| Complete 
| 196|0x0000000711200000, 0x0000000711300000, 0x0000000711300000|100%| E|CS|TAMS 0x0000000711200000, 0x0000000711200000| Complete 
| 197|0x0000000711300000, 0x0000000711400000, 0x0000000711400000|100%| E|CS|TAMS 0x0000000711300000, 0x0000000711300000| Complete 
| 198|0x0000000711400000, 0x0000000711500000, 0x0000000711500000|100%| E|CS|TAMS 0x0000000711400000, 0x0000000711400000| Complete 
| 199|0x0000000711500000, 0x0000000711600000, 0x0000000711600000|100%| E|CS|TAMS 0x0000000711500000, 0x0000000711500000| Complete 
| 200|0x0000000711600000, 0x0000000711700000, 0x0000000711700000|100%| E|CS|TAMS 0x0000000711600000, 0x0000000711600000| Complete 
| 201|0x0000000711700000, 0x0000000711800000, 0x0000000711800000|100%| E|CS|TAMS 0x0000000711700000, 0x0000000711700000| Complete 
| 202|0x0000000711800000, 0x0000000711900000, 0x0000000711900000|100%| E|CS|TAMS 0x0000000711800000, 0x0000000711800000| Complete 
| 203|0x0000000711900000, 0x0000000711a00000, 0x0000000711a00000|100%| E|CS|TAMS 0x0000000711900000, 0x0000000711900000| Complete 
| 204|0x0000000711a00000, 0x0000000711b00000, 0x0000000711b00000|100%| E|CS|TAMS 0x0000000711a00000, 0x0000000711a00000| Complete 
| 205|0x0000000711b00000, 0x0000000711c00000, 0x0000000711c00000|100%| E|CS|TAMS 0x0000000711b00000, 0x0000000711b00000| Complete 
| 206|0x0000000711c00000, 0x0000000711d00000, 0x0000000711d00000|100%| E|CS|TAMS 0x0000000711c00000, 0x0000000711c00000| Complete 
| 207|0x0000000711d00000, 0x0000000711e00000, 0x0000000711e00000|100%| E|CS|TAMS 0x0000000711d00000, 0x0000000711d00000| Complete 
| 208|0x0000000711e00000, 0x0000000711f00000, 0x0000000711f00000|100%| E|CS|TAMS 0x0000000711e00000, 0x0000000711e00000| Complete 
| 209|0x0000000711f00000, 0x0000000712000000, 0x0000000712000000|100%| E|CS|TAMS 0x0000000711f00000, 0x0000000711f00000| Complete 
| 210|0x0000000712000000, 0x0000000712100000, 0x0000000712100000|100%| E|CS|TAMS 0x0000000712000000, 0x0000000712000000| Complete 
| 211|0x0000000712100000, 0x0000000712200000, 0x0000000712200000|100%| E|CS|TAMS 0x0000000712100000, 0x0000000712100000| Complete 
| 212|0x0000000712200000, 0x0000000712300000, 0x0000000712300000|100%| E|CS|TAMS 0x0000000712200000, 0x0000000712200000| Complete 
| 213|0x0000000712300000, 0x0000000712400000, 0x0000000712400000|100%| E|CS|TAMS 0x0000000712300000, 0x0000000712300000| Complete 
| 214|0x0000000712400000, 0x0000000712500000, 0x0000000712500000|100%| E|CS|TAMS 0x0000000712400000, 0x0000000712400000| Complete 
| 215|0x0000000712500000, 0x0000000712600000, 0x0000000712600000|100%| E|CS|TAMS 0x0000000712500000, 0x0000000712500000| Complete 
| 216|0x0000000712600000, 0x0000000712700000, 0x0000000712700000|100%| E|CS|TAMS 0x0000000712600000, 0x0000000712600000| Complete 
| 217|0x0000000712700000, 0x0000000712800000, 0x0000000712800000|100%| E|CS|TAMS 0x0000000712700000, 0x0000000712700000| Complete 
| 218|0x0000000712800000, 0x0000000712900000, 0x0000000712900000|100%| E|CS|TAMS 0x0000000712800000, 0x0000000712800000| Complete 
| 219|0x0000000712900000, 0x0000000712a00000, 0x0000000712a00000|100%| E|CS|TAMS 0x0000000712900000, 0x0000000712900000| Complete 
| 220|0x0000000712a00000, 0x0000000712b00000, 0x0000000712b00000|100%| E|CS|TAMS 0x0000000712a00000, 0x0000000712a00000| Complete 
| 221|0x0000000712b00000, 0x0000000712c00000, 0x0000000712c00000|100%| E|CS|TAMS 0x0000000712b00000, 0x0000000712b00000| Complete 
| 222|0x0000000712c00000, 0x0000000712d00000, 0x0000000712d00000|100%| E|CS|TAMS 0x0000000712c00000, 0x0000000712c00000| Complete 
| 223|0x0000000712d00000, 0x0000000712e00000, 0x0000000712e00000|100%| E|CS|TAMS 0x0000000712d00000, 0x0000000712d00000| Complete 
| 224|0x0000000712e00000, 0x0000000712f00000, 0x0000000712f00000|100%| E|CS|TAMS 0x0000000712e00000, 0x0000000712e00000| Complete 
| 225|0x0000000712f00000, 0x0000000713000000, 0x0000000713000000|100%| E|CS|TAMS 0x0000000712f00000, 0x0000000712f00000| Complete 
| 226|0x0000000713000000, 0x0000000713100000, 0x0000000713100000|100%| E|CS|TAMS 0x0000000713000000, 0x0000000713000000| Complete 
| 227|0x0000000713100000, 0x0000000713200000, 0x0000000713200000|100%| E|CS|TAMS 0x0000000713100000, 0x0000000713100000| Complete 
| 228|0x0000000713200000, 0x0000000713300000, 0x0000000713300000|100%| E|CS|TAMS 0x0000000713200000, 0x0000000713200000| Complete 
| 229|0x0000000713300000, 0x0000000713400000, 0x0000000713400000|100%| E|CS|TAMS 0x0000000713300000, 0x0000000713300000| Complete 
| 230|0x0000000713400000, 0x0000000713500000, 0x0000000713500000|100%| E|CS|TAMS 0x0000000713400000, 0x0000000713400000| Complete 
| 231|0x0000000713500000, 0x0000000713600000, 0x0000000713600000|100%| E|CS|TAMS 0x0000000713500000, 0x0000000713500000| Complete 
| 232|0x0000000713600000, 0x0000000713700000, 0x0000000713700000|100%| E|CS|TAMS 0x0000000713600000, 0x0000000713600000| Complete 
| 233|0x0000000713700000, 0x0000000713800000, 0x0000000713800000|100%| E|CS|TAMS 0x0000000713700000, 0x0000000713700000| Complete 
| 234|0x0000000713800000, 0x0000000713900000, 0x0000000713900000|100%| E|CS|TAMS 0x0000000713800000, 0x0000000713800000| Complete 
| 235|0x0000000713900000, 0x0000000713a00000, 0x0000000713a00000|100%| E|CS|TAMS 0x0000000713900000, 0x0000000713900000| Complete 
| 236|0x0000000713a00000, 0x0000000713b00000, 0x0000000713b00000|100%| E|CS|TAMS 0x0000000713a00000, 0x0000000713a00000| Complete 
| 237|0x0000000713b00000, 0x0000000713c00000, 0x0000000713c00000|100%| E|CS|TAMS 0x0000000713b00000, 0x0000000713b00000| Complete 
| 238|0x0000000713c00000, 0x0000000713d00000, 0x0000000713d00000|100%| E|CS|TAMS 0x0000000713c00000, 0x0000000713c00000| Complete 
| 239|0x0000000713d00000, 0x0000000713e00000, 0x0000000713e00000|100%| E|CS|TAMS 0x0000000713d00000, 0x0000000713d00000| Complete 
| 240|0x0000000713e00000, 0x0000000713f00000, 0x0000000713f00000|100%| E|CS|TAMS 0x0000000713e00000, 0x0000000713e00000| Complete 
| 241|0x0000000713f00000, 0x0000000714000000, 0x0000000714000000|100%| E|CS|TAMS 0x0000000713f00000, 0x0000000713f00000| Complete 
| 242|0x0000000714000000, 0x0000000714100000, 0x0000000714100000|100%| E|CS|TAMS 0x0000000714000000, 0x0000000714000000| Complete 
| 243|0x0000000714100000, 0x0000000714200000, 0x0000000714200000|100%| E|CS|TAMS 0x0000000714100000, 0x0000000714100000| Complete 
| 244|0x0000000714200000, 0x0000000714300000, 0x0000000714300000|100%| E|CS|TAMS 0x0000000714200000, 0x0000000714200000| Complete 
| 245|0x0000000714300000, 0x0000000714400000, 0x0000000714400000|100%| E|CS|TAMS 0x0000000714300000, 0x0000000714300000| Complete 
| 246|0x0000000714400000, 0x0000000714500000, 0x0000000714500000|100%| E|CS|TAMS 0x0000000714400000, 0x0000000714400000| Complete 
| 247|0x0000000714500000, 0x0000000714600000, 0x0000000714600000|100%| E|CS|TAMS 0x0000000714500000, 0x0000000714500000| Complete 
| 248|0x0000000714600000, 0x0000000714700000, 0x0000000714700000|100%| E|CS|TAMS 0x0000000714600000, 0x0000000714600000| Complete 
| 249|0x0000000714700000, 0x0000000714800000, 0x0000000714800000|100%| E|CS|TAMS 0x0000000714700000, 0x0000000714700000| Complete 
| 250|0x0000000714800000, 0x0000000714900000, 0x0000000714900000|100%| E|CS|TAMS 0x0000000714800000, 0x0000000714800000| Complete 
| 251|0x0000000714900000, 0x0000000714a00000, 0x0000000714a00000|100%| E|CS|TAMS 0x0000000714900000, 0x0000000714900000| Complete 

Card table byte_map: [0x00000276ca150000,0x00000276ca930000] _byte_map_base: 0x00000276c6929000

Marking Bits (Prev, Next): (CMBitMap*) 0x00000276b2a407b0, (CMBitMap*) 0x00000276b2a40778
 Prev Bits: [0x00000276cefe0000, 0x00000276d2ea8000)
 Next Bits: [0x00000276cb110000, 0x00000276cefd8000)

Polling page: 0x00000276b0b30000

Metaspace:

Usage:
  Non-class:     25.59 MB capacity,    25.13 MB ( 98%) used,   415.80 KB (  2%) free+waste,    55.75 KB ( <1%) overhead. 
      Class:      3.25 MB capacity,     3.00 MB ( 92%) used,   230.27 KB (  7%) free+waste,    24.94 KB ( <1%) overhead. 
       Both:     28.83 MB capacity,    28.12 MB ( 98%) used,   646.06 KB (  2%) free+waste,    80.69 KB ( <1%) overhead. 

Virtual space:
  Non-class space:       26.00 MB reserved,      25.75 MB (>99%) committed 
      Class space:        1.00 GB reserved,       3.25 MB ( <1%) committed 
             Both:        1.03 GB reserved,      29.00 MB (  3%) committed 

Chunk freelists:
   Non-Class:  5.00 KB
       Class:  256 bytes
        Both:  5.25 KB

CodeHeap 'non-profiled nmethods': size=119168Kb used=3191Kb max_used=3191Kb free=115976Kb
 bounds [0x00000276c1c70000, 0x00000276c1f90000, 0x00000276c90d0000]
CodeHeap 'profiled nmethods': size=119168Kb used=13980Kb max_used=13980Kb free=105187Kb
 bounds [0x00000276ba810000, 0x00000276bb5c0000, 0x00000276c1c70000]
CodeHeap 'non-nmethods': size=7424Kb used=2834Kb max_used=2875Kb free=4590Kb
 bounds [0x00000276ba0d0000, 0x00000276ba3b0000, 0x00000276ba810000]
 total_blobs=6145 nmethods=5676 adapters=376
 compilation: enabled
              stopped_count=0, restarted_count=0
 full_count=0

Compilation events (10 events):
Event: 2.119 Thread 0x00000276d6a8e800 5674       3       jdk.internal.org.objectweb.asm.ClassVisitor::<init> (35 bytes)
Event: 2.119 Thread 0x00000276d6a8e800 nmethod 5674 0x00000276bb5ac790 code [0x00000276bb5ac940, 0x00000276bb5acc48]
Event: 2.119 Thread 0x00000276d6a8e800 5677       3       jdk.internal.org.objectweb.asm.ByteVector::<init> (12 bytes)
Event: 2.119 Thread 0x00000276d6932800 nmethod 5675 0x00000276bb5acd90 code [0x00000276bb5acfa0, 0x00000276bb5ad718]
Event: 2.119 Thread 0x00000276d6932800 5678       3       jdk.internal.org.objectweb.asm.Frame::get (46 bytes)
Event: 2.119 Thread 0x00000276d6a8e800 nmethod 5677 0x00000276bb5ada90 code [0x00000276bb5adc40, 0x00000276bb5adeb8]
Event: 2.119 Thread 0x00000276d6932800 nmethod 5678 0x00000276bb5adf90 code [0x00000276bb5ae120, 0x00000276bb5ae338]
Event: 2.120 Thread 0x00000276d73cb000 nmethod 5666 0x00000276bb5ae410 code [0x00000276bb5ae820, 0x00000276bb5b09f8]
Event: 2.122 Thread 0x00000276d7535800 nmethod 5676 0x00000276bb5b1590 code [0x00000276bb5b1e60, 0x00000276bb5b5b88]
Event: 2.131 Thread 0x00000276d75cf000 nmethod 5556 0x00000276c1f82190 code [0x00000276c1f826a0, 0x00000276c1f89f28]

GC Heap History (6 events):
Event: 0.282 GC heap before
{Heap before GC invocations=0 (full 0):
 garbage-first heap   total 258048K, used 24576K [0x0000000704e00000, 0x0000000800000000)
  region size 1024K, 24 young (24576K), 0 survivors (0K)
 Metaspace       used 12597K, capacity 12834K, committed 12928K, reserved 1060864K
  class space    used 1273K, capacity 1350K, committed 1408K, reserved 1048576K
}
Event: 0.284 GC heap after
{Heap after GC invocations=1 (full 0):
 garbage-first heap   total 258048K, used 3533K [0x0000000704e00000, 0x0000000800000000)
  region size 1024K, 3 young (3072K), 3 survivors (3072K)
 Metaspace       used 12597K, capacity 12834K, committed 12928K, reserved 1060864K
  class space    used 1273K, capacity 1350K, committed 1408K, reserved 1048576K
}
Event: 0.744 GC heap before
{Heap before GC invocations=1 (full 0):
 garbage-first heap   total 258048K, used 73165K [0x0000000704e00000, 0x0000000800000000)
  region size 1024K, 72 young (73728K), 3 survivors (3072K)
 Metaspace       used 20804K, capacity 21098K, committed 21248K, reserved 1069056K
  class space    used 2312K, capacity 2434K, committed 2560K, reserved 1048576K
}
Event: 0.748 GC heap after
{Heap after GC invocations=2 (full 0):
 garbage-first heap   total 258048K, used 7073K [0x0000000704e00000, 0x0000000800000000)
  region size 1024K, 7 young (7168K), 7 survivors (7168K)
 Metaspace       used 20804K, capacity 21098K, committed 21248K, reserved 1069056K
  class space    used 2312K, capacity 2434K, committed 2560K, reserved 1048576K
}
Event: 1.319 GC heap before
{Heap before GC invocations=3 (full 0):
 garbage-first heap   total 258048K, used 88993K [0x0000000704e00000, 0x0000000800000000)
  region size 1024K, 87 young (89088K), 7 survivors (7168K)
 Metaspace       used 24214K, capacity 24832K, committed 25088K, reserved 1071104K
  class space    used 2605K, capacity 2802K, committed 2816K, reserved 1048576K
}
Event: 1.324 GC heap after
{Heap after GC invocations=4 (full 0):
 garbage-first heap   total 258048K, used 13462K [0x0000000704e00000, 0x0000000800000000)
  region size 1024K, 10 young (10240K), 10 survivors (10240K)
 Metaspace       used 24214K, capacity 24832K, committed 25088K, reserved 1071104K
  class space    used 2605K, capacity 2802K, committed 2816K, reserved 1048576K
}

Deoptimization events (10 events):
Event: 2.037 Thread 0x00000276b29e4800 Uncommon trap: reason=unstable_if action=reinterpret pc=0x00000276c1d9e44c method=org.objectweb.asm.MethodWriter.visitInsn(I)V @ 24 c2
Event: 2.090 Thread 0x00000276b29e4800 Uncommon trap: reason=unstable_if action=reinterpret pc=0x00000276c1d7bbb4 method=com.google.inject.internal.MoreTypes.canonicalize(Ljava/lang/reflect/Type;)Ljava/lang/reflect/Type; @ 16 c2
Event: 2.090 Thread 0x00000276b29e4800 Uncommon trap: reason=class_check action=maybe_recompile pc=0x00000276c1d6bda0 method=com.google.inject.internal.MoreTypes.getRawType(Ljava/lang/reflect/Type;)Ljava/lang/Class; @ 13 c2
Event: 2.090 Thread 0x00000276b29e4800 Uncommon trap: reason=unstable_if action=reinterpret pc=0x00000276c1d7830c method=com.google.inject.internal.MoreTypes.canonicalize(Ljava/lang/reflect/Type;)Ljava/lang/reflect/Type; @ 16 c2
Event: 2.090 Thread 0x00000276b29e4800 Uncommon trap: reason=class_check action=maybe_recompile pc=0x00000276c1d6bda0 method=com.google.inject.internal.MoreTypes.getRawType(Ljava/lang/reflect/Type;)Ljava/lang/Class; @ 13 c2
Event: 2.091 Thread 0x00000276b29e4800 Uncommon trap: reason=class_check action=maybe_recompile pc=0x00000276c1d6bda0 method=com.google.inject.internal.MoreTypes.getRawType(Ljava/lang/reflect/Type;)Ljava/lang/Class; @ 13 c2
Event: 2.091 Thread 0x00000276b29e4800 Uncommon trap: reason=class_check action=maybe_recompile pc=0x00000276c1d6bda0 method=com.google.inject.internal.MoreTypes.getRawType(Ljava/lang/reflect/Type;)Ljava/lang/Class; @ 13 c2
Event: 2.100 Thread 0x00000276b29e4800 Uncommon trap: reason=predicate action=maybe_recompile pc=0x00000276c1d63fcc method=java.util.TimSort.binarySort([Ljava/lang/Object;IIILjava/util/Comparator;)V @ 34 c2
Event: 2.106 Thread 0x00000276b29e4800 Uncommon trap: reason=unstable_if action=reinterpret pc=0x00000276c1de529c method=java.lang.String.regionMatches(ZILjava/lang/String;II)Z @ 77 c2
Event: 2.123 Thread 0x00000276b29e4800 Uncommon trap: reason=class_check action=maybe_recompile pc=0x00000276c1e884bc method=java.util.Hashtable.get(Ljava/lang/Object;)Ljava/lang/Object; @ 6 c2

Classes redefined (0 events):
No events

Internal exceptions (10 events):
Event: 1.370 Thread 0x00000276b29e4800 Implicit null exception at 0x00000276c1eadbaf to 0x00000276c1eadc1a
Event: 1.370 Thread 0x00000276b29e4800 Exception <a 'java/lang/NoSuchMethodError'{0x000000071448f850}: 'java.lang.Object java.lang.invoke.Invokers$Holder.linkToTargetMethod(java.lang.Object, java.lang.Object, java.lang.Object, java.lang.Object, java.lang.Object, java.lang.Object, java.lang.Obj
Event: 1.513 Thread 0x00000276b29e4800 Implicit null exception at 0x00000276c1ecff22 to 0x00000276c1ed06c8
Event: 1.520 Thread 0x00000276b29e4800 Exception <a 'java/lang/NoSuchMethodError'{0x0000000712b0dc68}: 'int java.lang.invoke.DirectMethodHandle$Holder.invokeVirtual(java.lang.Object, java.lang.Object)'> (0x0000000712b0dc68) thrown at [./open/src/hotspot/share/interpreter/linkResolver.cpp, line
Event: 2.085 Thread 0x00000276b29e4800 Exception <a 'java/lang/NoClassDefFoundError'{0x000000070d649410}: org/sonatype/aether/graph/DependencyNode> (0x000000070d649410) thrown at [./open/src/hotspot/share/classfile/systemDictionary.cpp, line 215]
Event: 2.117 Thread 0x00000276b29e4800 Exception <a 'java/lang/NoSuchMethodError'{0x000000070d338090}: 'void java.lang.invoke.DirectMethodHandle$Holder.invokeStatic(java.lang.Object, long)'> (0x000000070d338090) thrown at [./open/src/hotspot/share/interpreter/linkResolver.cpp, line 773]
Event: 2.118 Thread 0x00000276b29e4800 Exception <a 'java/lang/NoSuchMethodError'{0x000000070d33cec8}: 'java.lang.Object java.lang.invoke.Invokers$Holder.linkToTargetMethod(long, java.lang.Object)'> (0x000000070d33cec8) thrown at [./open/src/hotspot/share/interpreter/linkResolver.cpp, line 773
Event: 2.119 Thread 0x00000276b29e4800 Exception <a 'java/lang/NoSuchMethodError'{0x000000070d345118}: 'java.lang.Object java.lang.invoke.DirectMethodHandle$Holder.invokeStatic(java.lang.Object, java.lang.Object, long, java.lang.Object)'> (0x000000070d345118) thrown at [./open/src/hotspot/shar
Event: 2.119 Thread 0x00000276b29e4800 Exception <a 'java/lang/NoSuchMethodError'{0x000000070d348200}: 'java.lang.Object java.lang.invoke.DirectMethodHandle$Holder.invokeStaticInit(java.lang.Object, java.lang.Object, long, java.lang.Object)'> (0x000000070d348200) thrown at [./open/src/hotspot/
Event: 2.119 Thread 0x00000276b29e4800 Exception <a 'java/lang/NoSuchMethodError'{0x000000070d34e0b8}: 'java.lang.Object java.lang.invoke.Invokers$Holder.linkToTargetMethod(java.lang.Object, long, java.lang.Object)'> (0x000000070d34e0b8) thrown at [./open/src/hotspot/share/interpreter/linkReso

Events (10 events):
Event: 2.122 loading class sun/misc/Signal done
Event: 2.123 loading class sun/misc/SignalHandler
Event: 2.123 loading class sun/misc/SignalHandler done
Event: 2.123 loading class sun/misc/Signal$InternalMiscHandler
Event: 2.123 loading class sun/misc/Signal$InternalMiscHandler done
Event: 2.123 loading class sun/misc/Signal$SunMiscHandler
Event: 2.123 loading class sun/misc/Signal$SunMiscHandler done
Event: 2.123 Thread 0x00000276b29e4800 Uncommon trap: trap_request=0xffffffde fr.pc=0x00000276c1e884bc relative=0x000000000000047c
Event: 2.123 Thread 0x00000276b29e4800 DEOPT PACKING pc=0x00000276c1e884bc sp=0x00000099edbfdbe0
Event: 2.123 Thread 0x00000276b29e4800 DEOPT UNPACKING pc=0x00000276ba0f68af sp=0x00000099edbfdb90 mode 2


Dynamic libraries:
0x00007ff6ecf20000 - 0x00007ff6ecf30000 	C:\Program Files\Java\jdk-11\bin\java.exe
0x00007ffb95ce0000 - 0x00007ffb95f47000 	C:\WINDOWS\SYSTEM32\ntdll.dll
0x00007ffb94220000 - 0x00007ffb942e9000 	C:\WINDOWS\System32\KERNEL32.DLL
0x00007ffb93480000 - 0x00007ffb9386f000 	C:\WINDOWS\System32\KERNELBASE.dll
0x00007ffb930d0000 - 0x00007ffb9321b000 	C:\WINDOWS\System32\ucrtbase.dll
0x00007ffb777a0000 - 0x00007ffb777bb000 	C:\Program Files\Java\jdk-11\bin\VCRUNTIME140.dll
0x00007ffb77780000 - 0x00007ffb77799000 	C:\Program Files\Java\jdk-11\bin\jli.dll
0x00007ffb93dd0000 - 0x00007ffb93e84000 	C:\WINDOWS\System32\ADVAPI32.dll
0x00007ffb95900000 - 0x00007ffb959a9000 	C:\WINDOWS\System32\msvcrt.dll
0x00007ffb95b70000 - 0x00007ffb95c16000 	C:\WINDOWS\System32\sechost.dll
0x00007ffb95240000 - 0x00007ffb95358000 	C:\WINDOWS\System32\RPCRT4.dll
0x00007ffb95020000 - 0x00007ffb951e5000 	C:\WINDOWS\System32\USER32.dll
0x00007ffb93450000 - 0x00007ffb93477000 	C:\WINDOWS\System32\win32u.dll
0x00007ffb79f40000 - 0x00007ffb7a1d3000 	C:\WINDOWS\WinSxS\amd64_microsoft.windows.common-controls_6595b64144ccf1df_6.0.26100.7309_none_3e05feeae336a044\COMCTL32.dll
0x00007ffb95b40000 - 0x00007ffb95b6b000 	C:\WINDOWS\System32\GDI32.dll
0x00007ffb92e30000 - 0x00007ffb92f5c000 	C:\WINDOWS\System32\gdi32full.dll
0x00007ffb933a0000 - 0x00007ffb93443000 	C:\WINDOWS\System32\msvcp_win.dll
0x00007ffb8ba30000 - 0x00007ffb8ba3b000 	C:\WINDOWS\SYSTEM32\VERSION.dll
0x00007ffb93a80000 - 0x00007ffb93ab1000 	C:\WINDOWS\System32\IMM32.DLL
0x00007ffb77770000 - 0x00007ffb7777c000 	C:\Program Files\Java\jdk-11\bin\vcruntime140_1.dll
0x00007ffb23b60000 - 0x00007ffb23bee000 	C:\Program Files\Java\jdk-11\bin\msvcp140.dll
0x00007ffac8560000 - 0x00007ffac90c3000 	C:\Program Files\Java\jdk-11\bin\server\jvm.dll
0x00007ffb95b30000 - 0x00007ffb95b38000 	C:\WINDOWS\System32\PSAPI.DLL
0x00007ffb77760000 - 0x00007ffb7776a000 	C:\WINDOWS\SYSTEM32\WSOCK32.dll
0x00007ffb8f8a0000 - 0x00007ffb8f8d5000 	C:\WINDOWS\SYSTEM32\WINMM.dll
0x00007ffb95ab0000 - 0x00007ffb95b24000 	C:\WINDOWS\System32\WS2_32.dll
0x00007ffb91d00000 - 0x00007ffb91d1b000 	C:\WINDOWS\SYSTEM32\kernel.appcore.dll
0x00007ffb77750000 - 0x00007ffb77760000 	C:\Program Files\Java\jdk-11\bin\verify.dll
0x00007ffb90640000 - 0x00007ffb90882000 	C:\WINDOWS\SYSTEM32\DBGHELP.DLL
0x00007ffb93e90000 - 0x00007ffb94215000 	C:\WINDOWS\System32\combase.dll
0x00007ffb94be0000 - 0x00007ffb94cb6000 	C:\WINDOWS\System32\OLEAUT32.dll
0x00007ffb76b50000 - 0x00007ffb76b8c000 	C:\WINDOWS\SYSTEM32\dbgcore.DLL
0x00007ffb93020000 - 0x00007ffb930c5000 	C:\WINDOWS\System32\bcryptPrimitives.dll
0x00007ffb77720000 - 0x00007ffb77748000 	C:\Program Files\Java\jdk-11\bin\java.dll
0x00007ffb77710000 - 0x00007ffb7771a000 	C:\Program Files\Java\jdk-11\bin\jimage.dll
0x00007ffb65de0000 - 0x00007ffb65df7000 	C:\Program Files\Java\jdk-11\bin\zip.dll
0x00007ffb942f0000 - 0x00007ffb94a43000 	C:\WINDOWS\System32\SHELL32.dll
0x00007ffb93910000 - 0x00007ffb93a7a000 	C:\WINDOWS\System32\wintypes.dll
0x00007ffb90a70000 - 0x00007ffb912ce000 	C:\WINDOWS\SYSTEM32\windows.storage.dll
0x00007ffb94a60000 - 0x00007ffb94b55000 	C:\WINDOWS\System32\SHCORE.dll
0x00007ffb94b60000 - 0x00007ffb94bc6000 	C:\WINDOWS\System32\shlwapi.dll
0x00007ffb92d50000 - 0x00007ffb92d79000 	C:\WINDOWS\SYSTEM32\profapi.dll
0x00007ffb55340000 - 0x00007ffb55359000 	C:\Program Files\Java\jdk-11\bin\net.dll
0x00007ffb8ccb0000 - 0x00007ffb8cdd8000 	C:\WINDOWS\SYSTEM32\WINHTTP.dll
0x00007ffb92270000 - 0x00007ffb922db000 	C:\WINDOWS\system32\mswsock.dll
0x00007ffb55320000 - 0x00007ffb55332000 	C:\Program Files\Java\jdk-11\bin\nio.dll
0x00007ffb51f40000 - 0x00007ffb51f64000 	D:\apache-maven-3.9.11\lib\jansi-native\Windows\x86_64\jansi.dll

dbghelp: loaded successfully - version: 4.0.5 - missing functions: none
symbol engine: initialized successfully - sym options: 0x614 - pdb path: .;C:\Program Files\Java\jdk-11\bin;C:\WINDOWS\SYSTEM32;C:\WINDOWS\WinSxS\amd64_microsoft.windows.common-controls_6595b64144ccf1df_6.0.26100.7309_none_3e05feeae336a044;C:\Program Files\Java\jdk-11\bin\server;D:\apache-maven-3.9.11\lib\jansi-native\Windows\x86_64

VM Arguments:
jvm_args: -Dclassworlds.conf=D:\apache-maven-3.9.11\bin\m2.conf -Dmaven.home=D:\apache-maven-3.9.11 -Dlibrary.jansi.path=D:\apache-maven-3.9.11\lib\jansi-native -Dmaven.multiModuleProjectDirectory=D:\桌面\教室预约管理系统源码\源码\classroom-reservation-main 
java_command: org.codehaus.plexus.classworlds.launcher.Launcher spring-boot:run
java_class_path (initial): D:\apache-maven-3.9.11\boot\plexus-classworlds-2.9.0.jar
Launcher Type: SUN_STANDARD

[Global flags]
     intx CICompilerCount                          = 12                                        {product} {ergonomic}
     uint ConcGCThreads                            = 3                                         {product} {ergonomic}
     uint G1ConcRefinementThreads                  = 13                                        {product} {ergonomic}
   size_t G1HeapRegionSize                         = 1048576                                   {product} {ergonomic}
    uintx GCDrainStackTargetSize                   = 64                                        {product} {ergonomic}
   size_t InitialHeapSize                          = 264241152                                 {product} {ergonomic}
   size_t MarkStackSize                            = 4194304                                   {product} {ergonomic}
   size_t MaxHeapSize                              = 4213178368                                {product} {ergonomic}
   size_t MaxNewSize                               = 2527068160                                {product} {ergonomic}
   size_t MinHeapDeltaBytes                        = 1048576                                   {product} {ergonomic}
    uintx NonNMethodCodeHeapSize                   = 7594288                                {pd product} {ergonomic}
    uintx NonProfiledCodeHeapSize                  = 122031976                              {pd product} {ergonomic}
    uintx ProfiledCodeHeapSize                     = 122031976                              {pd product} {ergonomic}
    uintx ReservedCodeCacheSize                    = 251658240                              {pd product} {ergonomic}
     bool SegmentedCodeCache                       = true                                      {product} {ergonomic}
     bool UseCompressedClassPointers               = true                                 {lp64_product} {ergonomic}
     bool UseCompressedOops                        = true                                 {lp64_product} {ergonomic}
     bool UseG1GC                                  = true                                      {product} {ergonomic}
     bool UseLargePagesIndividualAllocation        = false                                  {pd product} {ergonomic}

Logging:
Log output configuration:
 #0: stdout all=warning uptime,level,tags
 #1: stderr all=off uptime,level,tags

Environment Variables:
JAVA_HOME=C:\Program Files\Java\jdk-11
PATH=C:\Program Files\Microsoft MPI\Bin\;C:\Program Files (x86)\VMware\VMware Workstation\bin\;C:\Windows\system32;C:\Windows;C:\Windows\System32\Wbem;C:\Windows\System32\WindowsPowerShell\v1.0\;C:\Windows\System32\OpenSSH\;C:\Program Files\dotnet\;C:\Program Files (x86)\NVIDIA Corporation\PhysX\Common;C:\Program Files\NVIDIA Corporation\NVIDIA NvDLISR;C:\Program Files\TortoiseGit\bin;C:\Program Files (x86)\Windows Kits\10\Windows Performance Toolkit\;C:\Users\DELL\AppData\Roaming\nvm;C:\Program Files\nodejs;C:\Program Files (x86)\Microsoft SQL Server\160\Tools\Binn\;C:\Program Files\Microsoft SQL Server\160\Tools\Binn\;C:\Program Files\Microsoft SQL Server\Client SDK\ODBC\170\Tools\Binn\;C:\Program Files\Microsoft SQL Server\160\DTS\Binn\;C:\Program Files (x86)\Microsoft SQL Server\160\DTS\Binn\;C:\Program Files (x86)\Tencent\微信web开发者工具\dll;%Syste;Root%\system32;C:\WINDOWS;C:\WINDOWS\System32\Wbem;C:\WINDOWS\System32\WindowsPowerShell\v1.0\;C:\WINDOWS\System32\OpenSSH\;C:\Program Files\nodejs\;%JAVA_HOME%\bin;%MAVEN_HOME%\bin;C:\Program Files\Git\cmd;C:\Program Files\MySQL\MySQL Shell 8.0\bin\;C:\Users\DELL\AppData\Local\Programs\Python\Python38\Scripts\;C:\Users\DELL\AppData\Local\Programs\Python\Python38\;C:\Users\DELL\AppData\Local\Microsoft\WindowsApps;C:\Users\DELL\AppData\Roaming\nvm;C:\Program Files\nodejs;C:\Users\DELL\AppData\Local\Programs\Microsoft VS Code\bin;C:\Users\DELL\AppData\Local\GitHubDesktop\bin;C:\Users\DELL\AppData\Roaming\npm;C:\Program Files\JetBrains\IntelliJ IDEA 2025.3.1\bin;D:\apache-maven-3.9.11\bin;C:\Program Files\Java\jdk-11\bin;
USERNAME=DELL
OS=Windows_NT
PROCESSOR_IDENTIFIER=Intel64 Family 6 Model 183 Stepping 1, GenuineIntel



---------------  S Y S T E M  ---------------

OS: Windows 11 , 64 bit Build 26100 (10.0.26100.7309)

CPU:total 16 (initial active 16) (8 cores per cpu, 2 threads per core) family 6 model 183 stepping 1 microcode 0x12f, cmov, cx8, fxsr, mmx, sse, sse2, sse3, ssse3, sse4.1, sse4.2, popcnt, avx, avx2, aes, clmul, erms, 3dnowpref, lzcnt, ht, tsc, tscinvbit, bmi1, bmi2, adx, sha, fma

Memory: 4k page, system-wide physical 16068M (4371M free)
TotalPageFile size 16068M (AvailPageFile size 17M)
current process WorkingSet (physical memory assigned to process): 262M, peak: 266M
current process commit charge ("private bytes"): 444M, peak: 447M

vm_info: Java HotSpot(TM) 64-Bit Server VM (11.0.29+8-LTS-387) for windows-amd64 JRE (11.0.29+8-LTS-387), built on Sep 26 2025 08:43:56 by "mach5run" with MS VC++ 17.6 (VS2022)

END.
